{"/Users/mrfork27/Workspace/AiBenTor/mele-vite-react-typescript-template/src/App.css": {"path":"/Users/mrfork27/Workspace/AiBenTor/mele-vite-react-typescript-template/src/App.css","statementMap":{},"fnMap":{},"branchMap":{},"s":{},"f":{},"b":{},"meta":{"lastBranch":0,"lastFunction":0,"lastStatement":0,"seen":{}}}
,"/Users/mrfork27/Workspace/AiBenTor/mele-vite-react-typescript-template/src/App.tsx": {"path":"/Users/mrfork27/Workspace/AiBenTor/mele-vite-react-typescript-template/src/App.tsx","statementMap":{"0":{"start":{"line":10,"column":18},"end":{"line":10,"column":41}},"1":{"start":{"line":12,"column":4},"end":{"line":100,"column":null}},"2":{"start":{"line":26,"column":59},"end":{"line":26,"column":89}},"3":{"start":{"line":26,"column":79},"end":{"line":26,"column":89}}},"fnMap":{"0":{"name":"App","decl":{"start":{"line":9,"column":9},"end":{"line":9,"column":15}},"loc":{"start":{"line":9,"column":15},"end":{"line":100,"column":null}},"line":9},"1":{"name":"(anonymous_1)","decl":{"start":{"line":26,"column":44},"end":{"line":26,"column":59}},"loc":{"start":{"line":26,"column":59},"end":{"line":26,"column":89}},"line":26},"2":{"name":"(anonymous_2)","decl":{"start":{"line":26,"column":59},"end":{"line":26,"column":69}},"loc":{"start":{"line":26,"column":79},"end":{"line":26,"column":89}},"line":26}},"branchMap":{},"s":{"0":1,"1":1,"2":0,"3":0},"f":{"0":1,"1":0,"2":0},"b":{},"meta":{"lastBranch":0,"lastFunction":3,"lastStatement":4,"seen":{"f:9:9:9:15":0,"s:10:18:10:41":0,"s:12:4:100:Infinity":1,"f:26:44:26:59":1,"s:26:59:26:89":2,"f:26:59:26:69":2,"s:26:79:26:89":3}}}
,"/Users/mrfork27/Workspace/AiBenTor/mele-vite-react-typescript-template/src/index.css": {"path":"/Users/mrfork27/Workspace/AiBenTor/mele-vite-react-typescript-template/src/index.css","statementMap":{},"fnMap":{},"branchMap":{},"s":{},"f":{},"b":{},"meta":{"lastBranch":0,"lastFunction":0,"lastStatement":0,"seen":{}}}
,"/Users/mrfork27/Workspace/AiBenTor/mele-vite-react-typescript-template/src/assets/hero.png": {"path":"/Users/mrfork27/Workspace/AiBenTor/mele-vite-react-typescript-template/src/assets/hero.png","statementMap":{},"fnMap":{},"branchMap":{},"s":{},"f":{},"b":{},"meta":{"lastBranch":0,"lastFunction":0,"lastStatement":0,"seen":{}}}
,"/Users/mrfork27/Workspace/AiBenTor/mele-vite-react-typescript-template/src/assets/react.svg": {"path":"/Users/mrfork27/Workspace/AiBenTor/mele-vite-react-typescript-template/src/assets/react.svg","statementMap":{},"fnMap":{},"branchMap":{},"s":{},"f":{},"b":{},"meta":{"lastBranch":0,"lastFunction":0,"lastStatement":0,"seen":{}}}
,"/Users/mrfork27/Workspace/AiBenTor/mele-vite-react-typescript-template/src/assets/vite.svg": {"path":"/Users/mrfork27/Workspace/AiBenTor/mele-vite-react-typescript-template/src/assets/vite.svg","statementMap":{},"fnMap":{},"branchMap":{},"s":{},"f":{},"b":{},"meta":{"lastBranch":0,"lastFunction":0,"lastStatement":0,"seen":{}}}
}
